Task Name: Mapping2_Mapping2
Agent Group Id: 025000000000002
Agent Group Name: Informatica Cloud Hosted Agent
Agent Id: 00800000000000N
12/08/2021 10:37:10 **** Importing Connection: Conn_01BTF70B000000000003 ...
12/08/2021 10:37:10 **** Importing Source Definition: Cars ...
12/08/2021 10:37:10 **** Importing Target Definition: Max_Car_Prices ...
12/08/2021 10:37:10 **** Importing Target Definition: Min_Car_Prices ...
12/08/2021 10:37:10 **** Importing SessionConfig: default_session_config ...
    <Warning> :  The Error Log DB Connection value should have Relational: as the prefix.
    <Warning> :  Invalid value  for attribute Error Log DB Connection. Will use the default value 
    Validating Source Definition  Cars...
    Validating Target Definition  Min_Car_Prices...
    Validating Target Definition  Max_Car_Prices...
12/08/2021 10:37:10 **** Importing Mapping: Mapping0 ...
    <Warning> :  transformation: Source - Invalid value  for attribute Output is repeatable. Will use the default value Never    [transformation< Source > ] 
Validating transformations of mapping Mapping0...
Validating mapping variable(s).
12/08/2021 10:37:10 **** Importing Workflow: wf_mtt_01BTF70Z000000000003 ...
    <Warning> :  The value entered is not a valid integer.
    <Warning> :  Invalid value NO for attribute Fail task after wait time. Will use the default value 
Successfully extracted session instance [s_mtt_01BTF70Z000000000003].  Starting repository sequence id is [1520695441]
DIRECTOR> VAR_27085 [2021-12-08 10:37:10.330] Parameter file [/data2/home/cldagnt/SystemAgent/apps/Data_Integration_Server/data/01BTF70E0000000000B5/01BTF7/parameters/s_mtt_01BTF70Z000000000003.param] is opened for [session [wf_mtt_01BTF70Z000000000003.s_mtt_01BTF70Z000000000003]].
DIRECTOR> VAR_27062 [2021-12-08 10:37:10.331] Warning! Cannot find section for worklet [wf_mtt_01BTF70Z000000000003] and folder [] in parameter file [/data2/home/cldagnt/SystemAgent/apps/Data_Integration_Server/data/01BTF70E0000000000B5/01BTF7/parameters/s_mtt_01BTF70Z000000000003.param].
DIRECTOR> TM_6014 [2021-12-08 10:37:10.331] Initializing session [s_mtt_01BTF70Z000000000003] at [Wed Dec 08 10:37:10 2021].
DIRECTOR> TM_6683 [2021-12-08 10:37:10.331] Repository Name: [XMLRepository]
DIRECTOR> TM_6684 [2021-12-08 10:37:10.331] Server Name: [rDTM]
DIRECTOR> TM_6686 [2021-12-08 10:37:10.331] Folder: []
DIRECTOR> TM_6685 [2021-12-08 10:37:10.331] Workflow: [wf_mtt_01BTF70Z000000000003] Run Instance Name: [] Run Id: [0]
DIRECTOR> TM_6992 [2021-12-08 10:37:10.331] Opearting System Type [Linux]
DIRECTOR> TM_6101 [2021-12-08 10:37:10.331] Mapping name: Mapping0.
DIRECTOR> TM_6964 [2021-12-08 10:37:10.331] Date format for the Session is [MM/DD/YYYY HH24:MI:SS.US]
DIRECTOR> TM_6703 [2021-12-08 10:37:10.332] Session [s_mtt_01BTF70Z000000000003] is run by 64-bit Integration Service  [], version [10.2.0 HotFix2], build [0320].
MANAGER> PETL_24091 [2021-12-08 10:37:10.342] Thread [MANAGER] has the ID [1].
MANAGER> PETL_24058 [2021-12-08 10:37:10.342] Running Partition Group [1].
MANAGER> PETL_24000 [2021-12-08 10:37:10.342] Parallel Pipeline Engine initializing.
MONITOR> PETL_24091 [2021-12-08 10:37:10.343] Thread [MONITOR] has the ID [2].
MANAGER> PETL_24001 [2021-12-08 10:37:10.343] Parallel Pipeline Engine running.
MANAGER> PETL_24003 [2021-12-08 10:37:10.343] Initializing session run.
MAPPING> PETL_24091 [2021-12-08 10:37:10.343] Thread [MAPPING] has the ID [3].
MAPPING> CMN_1569 [2021-12-08 10:37:10.345] Server Mode: [UNICODE]
MAPPING> CMN_1570 [2021-12-08 10:37:10.345] Server Code page: [ISO 8859-1 Western European]
MAPPING> TM_6151 [2021-12-08 10:37:10.345] The session sort order is [Binary].
MAPPING> TM_6185 [2021-12-08 10:37:10.345] Warning. Code page validation is disabled in this session.
MAPPING> CMN_65109 [2021-12-08 10:37:10.345] Current Timezone:[UTC +0:0]
MAPPING> CMN_65111 [2021-12-08 10:37:10.345] Current Process ID:[1517]
MAPPING> TM_6155 [2021-12-08 10:37:10.345] Using HIGH precision processing.
MAPPING> TM_6180 [2021-12-08 10:37:10.345] Deadlock retry logic will not be implemented.
MAPPING> TM_6187 [2021-12-08 10:37:10.345] Session target-based commit interval is [10000].
MAPPING> TM_6307 [2021-12-08 10:37:10.346] DTM error log disabled. 
MAPPING> TE_7022 [2021-12-08 10:37:10.346] TShmWriter: Initialized
MAPPING> DBG_21694 [2021-12-08 10:37:10.348] Maximum_Aggregator Partition [0]: Index cache size = [1000000], Data cache size = [2000000]
MAPPING> TE_7212 [2021-12-08 10:37:10.348] Increasing [Index Cache] size for transformation [Maximum_Aggregator] from [1000000] to [1049760].
MAPPING> TE_7212 [2021-12-08 10:37:10.348] Increasing [Data Cache] size for transformation [Maximum_Aggregator] from [2000000] to [2097600].
MAPPING> TE_7029 [2021-12-08 10:37:10.348] Aggregate Information: Creating New Index and Data Files
MAPPING> TE_7034 [2021-12-08 10:37:10.348] Aggregate Information: Index file is [/data2/home/cldagnt/SystemAgent/apps/Data_Integration_Server/data/01BTF70E0000000000B5/01BTF7/cache/PMAGG1520695481_5_0.idx]
MAPPING> TE_7035 [2021-12-08 10:37:10.348] Aggregate Information: Data file is [/data2/home/cldagnt/SystemAgent/apps/Data_Integration_Server/data/01BTF70E0000000000B5/01BTF7/cache/PMAGG1520695481_5_0.dat]
MAPPING> DBG_21694 [2021-12-08 10:37:10.349] Min_Aggregator Partition [0]: Index cache size = [1000000], Data cache size = [2000000]
MAPPING> TE_7212 [2021-12-08 10:37:10.349] Increasing [Index Cache] size for transformation [Min_Aggregator] from [1000000] to [1049760].
MAPPING> TE_7212 [2021-12-08 10:37:10.349] Increasing [Data Cache] size for transformation [Min_Aggregator] from [2000000] to [2097600].
MAPPING> TE_7029 [2021-12-08 10:37:10.349] Aggregate Information: Creating New Index and Data Files
MAPPING> TE_7034 [2021-12-08 10:37:10.349] Aggregate Information: Index file is [/data2/home/cldagnt/SystemAgent/apps/Data_Integration_Server/data/01BTF70E0000000000B5/01BTF7/cache/PMAGG1520695481_6_0.idx]
MAPPING> TE_7035 [2021-12-08 10:37:10.349] Aggregate Information: Data file is [/data2/home/cldagnt/SystemAgent/apps/Data_Integration_Server/data/01BTF70E0000000000B5/01BTF7/cache/PMAGG1520695481_6_0.dat]
MAPPING> TM_6007 [2021-12-08 10:37:10.350] DTM initialized successfully for session [s_mtt_01BTF70Z000000000003]
DIRECTOR> PETL_24033 [2021-12-08 10:37:11.085] All DTM Connection Info: [<NONE>].
MANAGER> PETL_24004 [2021-12-08 10:37:11.085] Starting pre-session tasks. : (Wed Dec 08 10:37:11 2021)
PRE-SESS> PETL_24091 [2021-12-08 10:37:11.085] Thread [PRE-SESS] has the ID [4].
MANAGER> PETL_24027 [2021-12-08 10:37:11.087] Pre-session task completed successfully. : (Wed Dec 08 10:37:11 2021)
DIRECTOR> PETL_24006 [2021-12-08 10:37:11.087] Starting data movement.
MAPPING> TM_6660 [2021-12-08 10:37:11.087] Total Buffer Pool size is 5606240 bytes and Block size is 198080 bytes.
READER_1_1_1> PETL_24091 [2021-12-08 10:37:11.088] Thread [READER_1_1_1] has the ID [5].
READER_1_1_1> DBG_21438 [2021-12-08 10:37:11.089] Reader: Source is [odbc://dbtype=MySQL;host=remotemysql.com;port=3306;database=wOoJkjpNhU], Type [ODBC], User [wOoJkjpNhU]
READER_1_1_1> BLKR_16051 [2021-12-08 10:37:11.091] Source database connection [Conn_01BTF70B000000000003] code page: [MS Windows Latin 1 (ANSI), superset of Latin1]
READER_1_1_1> CMN_1021 [2021-12-08 10:37:11.091] Database driver event...
CMN_1021 [Driver Manager used is [UnixODBC 2.3.4].]

READER_1_1_1> CMN_1021 [2021-12-08 10:37:12.504] Database driver event...
CMN_1021 [ODBC Event Using array fetches.
ODBC Event Using Single Row Inserts. connect string = [Driver=MySQL ODBC 8.0 Unicode Driver;Server=remotemysql.com;Database=wOoJkjpNhU;Port=3306;USER=wOoJkjpNhU;NO_SSPS=1;stmt=set time_zone = '+00:00';OPTION=3;SSLMODE=DISABLED]. userid = [wOoJkjpNhU]
ODBC Version:	03.52
.
DBMS Name:	MySQL
.
DBMS Version:	8.0.13-4
.
Driver Name:	libmyodbc8w.so
.
Driver Version:	08.00.0012
.
Driver ODBC Version:	03.80
.
MySQL rewrite batch optimization is disabled with maximum bind parameter size set to 2500.]

READER_1_1_1> BLKR_16003 [2021-12-08 10:37:12.504] Initialization completed successfully.
TRANSF_1_1_1> PETL_24091 [2021-12-08 10:37:12.504] Thread [TRANSF_1_1_1] has the ID [6].
WRITER_1_*_1> PETL_24091 [2021-12-08 10:37:12.505] Thread [WRITER_1_*_1] has the ID [7].
WRITER_1_*_1> WRT_8147 [2021-12-08 10:37:12.505] Writer: Target is Database [odbc://dbtype=MySQL;host=remotemysql.com;port=3306;database=wOoJkjpNhU], Type [ODBC], User [wOoJkjpNhU], Bulk Mode [OFF]
WRITER_1_*_1> CMN_1021 [2021-12-08 10:37:12.506] Database driver event...
CMN_1021 [Driver Manager used is [UnixODBC 2.3.4].]

WRITER_1_*_1> CMN_1021 [2021-12-08 10:37:13.896] Database driver event...
CMN_1021 [ODBC Event Using array fetches.
ODBC Event Using Single Row Inserts. connect string = [Driver=MySQL ODBC 8.0 Unicode Driver;Server=remotemysql.com;Database=wOoJkjpNhU;Port=3306;USER=wOoJkjpNhU;NO_SSPS=1;stmt=set time_zone = '+00:00';OPTION=3;SSLMODE=DISABLED]. userid = [wOoJkjpNhU]
ODBC Version:	03.52
.
DBMS Name:	MySQL
.
DBMS Version:	8.0.13-4
.
Driver Name:	libmyodbc8w.so
.
Driver Version:	08.00.0012
.
Driver ODBC Version:	03.80
.
MySQL rewrite batch optimization is disabled with maximum bind parameter size set to 2500.]

WRITER_1_*_1> WRT_8221 [2021-12-08 10:37:14.205] Target database connection [Conn_01BTF70B000000000003] code page: [MS Windows Latin 1 (ANSI), superset of Latin1]
WRITER_1_*_1> WRT_8124 [2021-12-08 10:37:14.207] Target Table Max_Car_Prices :SQL INSERT statement:
INSERT INTO wOoJkjpNhU.Max_Car_Prices(Car_ID,Car_Name,Car_Price)  VALUES ( ?, ?, ?) 
WRITER_1_*_1> WRT_8020 [2021-12-08 10:37:14.207] No column marked as primary key for table [Max_Car_Prices]. UPDATEs Not Supported.
WRITER_1_*_1> WRT_8147 [2021-12-08 10:37:14.207] Writer: Target is Database [odbc://dbtype=MySQL;host=remotemysql.com;port=3306;database=wOoJkjpNhU], Type [ODBC], User [wOoJkjpNhU], Bulk Mode [OFF]
WRITER_1_*_1> WRT_8124 [2021-12-08 10:37:14.208] Target Table Min_Car_Prices :SQL INSERT statement:
INSERT INTO wOoJkjpNhU.Min_Car_Prices(Car_ID,Car_Name,Car_Price)  VALUES ( ?, ?, ?) 
WRITER_1_*_1> WRT_8020 [2021-12-08 10:37:14.208] No column marked as primary key for table [Min_Car_Prices]. UPDATEs Not Supported.
WRITER_1_*_1> WRT_8270 [2021-12-08 10:37:14.208] Target connection group #1 consists of target(s) [Max_Car_Prices, Min_Car_Prices]
WRITER_1_*_1> WRT_8003 [2021-12-08 10:37:14.208] Writer initialization complete.
READER_1_1_1> BLKR_16007 [2021-12-08 10:37:14.208] Reader run started.
READER_1_1_1> RR_4010 [2021-12-08 10:37:14.208] SQ instance [Source] SQL Query [SELECT wOoJkjpNhU.Cars.Car_ID, wOoJkjpNhU.Cars.Car_Name, wOoJkjpNhU.Cars.Car_Country, wOoJkjpNhU.Cars.Car_Price FROM wOoJkjpNhU.Cars]
READER_1_1_1> RR_4049 [2021-12-08 10:37:14.208] SQL Query issued to database : (Wed Dec 08 10:37:14 2021)
WRITER_1_*_1> WRT_8005 [2021-12-08 10:37:14.209] Writer run started.
WRITER_1_*_1> WRT_8158 [2021-12-08 10:37:14.209] 

*****START LOAD SESSION*****

Load Start Time: Wed Dec 08 10:37:13 2021

Target tables:

     Max_Car_Prices
     Min_Car_Prices


READER_1_1_1> RR_4050 [2021-12-08 10:37:14.364] First row returned from database to reader : (Wed Dec 08 10:37:14 2021)
READER_1_1_1> BLKR_16019 [2021-12-08 10:37:14.364] Read [100] rows, read [0] error rows for source table [Cars] instance name [Cars]
READER_1_1_1> BLKR_16008 [2021-12-08 10:37:14.364] Reader run completed.
TRANSF_1_1_1> TE_7032 [2021-12-08 10:37:14.374] The B-Tree being managed in files
/data2/home/cldagnt/SystemAgent/apps/Data_Integration_Server/data/01BTF70E0000000000B5/01BTF7/cache/PMAGG1520695481_5_0.dat for Data and

/data2/home/cldagnt/SystemAgent/apps/Data_Integration_Server/data/01BTF70E0000000000B5/01BTF7/cache/PMAGG1520695481_5_0.idx for Index has:
	Index Size:	1
	Row Size:	752
	Order:		100
	Minimum Order:	50
	Height:		1
	Entries:	1
	IndexPageSize:	1296
	IndexPages:	810
	DataPageSize:	760
	DataPages:	2760

WRITER_1_*_1> WRT_8167 [2021-12-08 10:37:14.374] Start loading table [Max_Car_Prices] at: Wed Dec 08 10:37:13 2021
TRANSF_1_1_1> TE_7032 [2021-12-08 10:37:14.374] The B-Tree being managed in files
/data2/home/cldagnt/SystemAgent/apps/Data_Integration_Server/data/01BTF70E0000000000B5/01BTF7/cache/PMAGG1520695481_6_0.dat for Data and

/data2/home/cldagnt/SystemAgent/apps/Data_Integration_Server/data/01BTF70E0000000000B5/01BTF7/cache/PMAGG1520695481_6_0.idx for Index has:
	Index Size:	1
	Row Size:	752
	Order:		100
	Minimum Order:	50
	Height:		1
	Entries:	1
	IndexPageSize:	1296
	IndexPages:	810
	DataPageSize:	760
	DataPages:	2760

TRANSF_1_1_1> DBG_21216 [2021-12-08 10:37:14.374] Finished transformations for Source Qualifier [Source]. Total errors [0] 
WRITER_1_*_1> WRT_8167 [2021-12-08 10:37:14.529] Start loading table [Min_Car_Prices] at: Wed Dec 08 10:37:13 2021
WRITER_1_*_1> WRT_8168 [2021-12-08 10:37:14.686] End loading table [Max_Car_Prices] at: Wed Dec 08 10:37:14 2021
WRITER_1_*_1> WRT_8141 [2021-12-08 10:37:14.851] 
Commit on end-of-data  Wed Dec 08 10:37:14 2021
===================================================

WRT_8036 Target: Max_Car_Prices (Instance Name: [Max_Car_Prices])
WRT_8038 Inserted rows - Requested: 1          Applied: 1          Rejected: 0          Affected: 1         

WRT_8036 Target: Min_Car_Prices (Instance Name: [Min_Car_Prices])
WRT_8038 Inserted rows - Requested: 1          Applied: 1          Rejected: 0          Affected: 1         

WRITER_1_*_1> WRT_8168 [2021-12-08 10:37:14.851] End loading table [Min_Car_Prices] at: Wed Dec 08 10:37:14 2021
WRITER_1_*_1> WRT_8035 [2021-12-08 10:37:14.851] Load complete time: Wed Dec 08 10:37:14 2021

LOAD SUMMARY
============

WRT_8036 Target: Max_Car_Prices (Instance Name: [Max_Car_Prices])
WRT_8038 Inserted rows - Requested: 1          Applied: 1          Rejected: 0          Affected: 1         

WRT_8036 Target: Min_Car_Prices (Instance Name: [Min_Car_Prices])
WRT_8038 Inserted rows - Requested: 1          Applied: 1          Rejected: 0          Affected: 1         


WRITER_1_*_1> WRT_8043 [2021-12-08 10:37:14.851] *****END LOAD SESSION*****
WRITER_1_*_1> WRT_8006 [2021-12-08 10:37:15.010] Writer run completed.
MANAGER> PETL_24031 [2021-12-08 10:37:15.011] 
***** RUN INFO FOR TGT LOAD ORDER GROUP [1], CONCURRENT SET [1] *****
Thread [READER_1_1_1] created for [the read stage] of partition point [Source] has completed. The total run time was insufficient for any meaningful statistics.
Thread [TRANSF_1_1_1] created for [the transformation stage] of partition point [Source] has completed. The total run time was insufficient for any meaningful statistics.
Thread [WRITER_1_*_1] created for [the write stage] of partition point [Max_Car_Prices, Min_Car_Prices] has completed.
	Total Run Time = [0.635932] secs
	Total Idle Time = [0.000000] secs
	Busy Percentage = [100.000000]

MAPPING> CMN_1791 [2021-12-08 10:37:15.011] The index cache size that would hold [1] aggregate groups of input rows for [Maximum_Aggregator], in memory, is [1296] bytes
MAPPING> CMN_1790 [2021-12-08 10:37:15.011] The data cache size that would hold [1] aggregate groups of input rows for [Maximum_Aggregator], in memory, is [760] bytes
MAPPING> CMN_1791 [2021-12-08 10:37:15.011] The index cache size that would hold [1] aggregate groups of input rows for [Min_Aggregator], in memory, is [1296] bytes
MAPPING> CMN_1790 [2021-12-08 10:37:15.011] The data cache size that would hold [1] aggregate groups of input rows for [Min_Aggregator], in memory, is [760] bytes
MANAGER> PETL_24005 [2021-12-08 10:37:15.012] Starting post-session tasks. : (Wed Dec 08 10:37:15 2021)
POST-SESS> PETL_24091 [2021-12-08 10:37:15.012] Thread [POST-SESS] has the ID [8].
MANAGER> PETL_24029 [2021-12-08 10:37:15.012] Post-session task completed successfully. : (Wed Dec 08 10:37:15 2021)
MAPPING> TM_6018 [2021-12-08 10:37:15.013] The session completed with [0] row transformation errors. 
MANAGER> TE_7216 [2021-12-08 10:37:15.013] Deleting cache files [/data2/home/cldagnt/SystemAgent/apps/Data_Integration_Server/data/01BTF70E0000000000B5/01BTF7/cache/PMAGG1520695481_5_0.idx] for transformation [Maximum_Aggregator].
MANAGER> TE_7216 [2021-12-08 10:37:15.013] Deleting cache files [/data2/home/cldagnt/SystemAgent/apps/Data_Integration_Server/data/01BTF70E0000000000B5/01BTF7/cache/PMAGG1520695481_5_0.dat] for transformation [Maximum_Aggregator].
MANAGER> TE_7216 [2021-12-08 10:37:15.013] Deleting cache files [/data2/home/cldagnt/SystemAgent/apps/Data_Integration_Server/data/01BTF70E0000000000B5/01BTF7/cache/PMAGG1520695481_6_0.idx] for transformation [Min_Aggregator].
MANAGER> TE_7216 [2021-12-08 10:37:15.013] Deleting cache files [/data2/home/cldagnt/SystemAgent/apps/Data_Integration_Server/data/01BTF70E0000000000B5/01BTF7/cache/PMAGG1520695481_6_0.dat] for transformation [Min_Aggregator].
MANAGER> PETL_24002 [2021-12-08 10:37:15.591] Parallel Pipeline Engine finished.
DIRECTOR> PETL_24012 [2021-12-08 10:37:15.592] Session run completed successfully.
DIRECTOR> TM_6022 [2021-12-08 10:37:15.592] 

SESSION LOAD SUMMARY
================================================

DIRECTOR> TM_6252 [2021-12-08 10:37:15.592] Source Load Summary.
DIRECTOR> CMN_1740 [2021-12-08 10:37:15.592] Table: [Source] (Instance Name: [Source] Instance UI Name: [])
	 Output Rows [100], Affected Rows [100], Applied Rows [100], Rejected Rows [0]
DIRECTOR> TM_6253 [2021-12-08 10:37:15.592] Target Load Summary.
DIRECTOR> CMN_1740 [2021-12-08 10:37:15.592] Table: [Max_Car_Prices] (Instance Name: [Max_Car_Prices] Instance UI Name: [])
	 Output Rows [1], Affected Rows [1], Applied Rows [1], Rejected Rows [0]
DIRECTOR> CMN_1740 [2021-12-08 10:37:15.592] Table: [Min_Car_Prices] (Instance Name: [Min_Car_Prices] Instance UI Name: [])
	 Output Rows [1], Affected Rows [1], Applied Rows [1], Rejected Rows [0]
DIRECTOR> TM_6023 [2021-12-08 10:37:15.592] 
===================================================

DIRECTOR> TM_6020 [2021-12-08 10:37:15.592] Session [s_mtt_01BTF70Z000000000003] completed at [Wed Dec 08 10:37:15 2021].
